<?xml version="1.0" encoding="UTF-8"?>
<!-- Generated by org.testng.reporters.JUnitReportReporter -->
<testsuite hostname="LAPTOP-7BTIVPCA" failures="0" tests="1" name="com.demo.testcases.BaseTest" time="18.728" errors="0" timestamp="2021-05-28T20:09:48 IST" skipped="0">
  <testcase classname="com.demo.testcases.BaseTest" name="test" time="18.728"/>
  <system-out/>
</testsuite> <!-- com.demo.testcases.BaseTest -->
